<?xml version="1.0" encoding="UTF-8"?>
<!-- Generated by org.testng.reporters.JUnitReportReporter -->
<testsuite skipped="0" hostname="DESKTOP-DN0EQG3" name="learningWorld.TestLearn" tests="1" failures="0" timestamp="28 Nov 2021 12:45:10 GMT" time="0.032" errors="0">
  <testcase name="testLearn" time="0.032" classname="learningWorld.TestLearn"/>
</testsuite> <!-- learningWorld.TestLearn -->
